# JRE version: OpenJDK Runtime Environment (25.0.2) (build 25.0.2)
# Java VM: OpenJDK 64-Bit Server VM (25.0.2, mixed mode, emulated-client, sharing, tiered, compressed oops, compressed class ptrs, g1 gc, linux-amd64)
GC Precious Log:
 CardTable entry size: 512
 Card Set container configuration: InlinePtr #cards 4 size 8 Array Of Cards #cards 16 size 48 Howl #buckets 8 coarsen threshold 3686 Howl Bitmap #cards 512 size 80 coarsen threshold 460 Card regions per heap region 1 cards per card region 4096
 CPUs: 16 total, 16 available
 Memory: 15268M
 Large Page Support: Disabled
 NUMA Support: Disabled
 Compressed Oops: Enabled (Zero based)
 Heap Region Size: 2M
 Heap Min Capacity: 8M
 Heap Initial Capacity: 240M
 Heap Max Capacity: 3818M
 Pre-touch: Disabled
 Parallel Workers: 13
 Concurrent Workers: 3
 Concurrent Refinement Workers: 13
 Periodic GC: Disabled
Heap:
 garbage-first heap   total reserved 3909632K, committed 88064K, used 32748K [0x0000000711600000, 0x0000000800000000)
  region size 2048K, 4 young (8192K), 3 survivors (6144K)
GC Heap Usage History (20 events):
Event: 0.432 {heap Before GC invocations=0 (full 0):
 garbage-first heap   total reserved 3909632K, committed 247808K, used 48259K [0x0000000711600000, 0x0000000800000000)
  region size 2048K, 24 young (49152K), 0 survivors (0K)
}
Event: 0.438 {heap After GC invocations=1 (full 0):
 garbage-first heap   total reserved 3909632K, committed 247808K, used 9464K [0x0000000711600000, 0x0000000800000000)
  region size 2048K, 3 young (6144K), 3 survivors (6144K)
}
Event: 0.828 {heap Before GC invocations=1 (full 0):
 garbage-first heap   total reserved 3909632K, committed 247808K, used 81144K [0x0000000711600000, 0x0000000800000000)
  region size 2048K, 39 young (79872K), 3 survivors (6144K)
}
Event: 0.836 {heap After GC invocations=2 (full 0):
 garbage-first heap   total reserved 3909632K, committed 247808K, used 17044K [0x0000000711600000, 0x0000000800000000)
  region size 2048K, 7 young (14336K), 7 survivors (14336K)
}
Event: 1.149 {heap Before GC invocations=3 (full 0):
 garbage-first heap   total reserved 3909632K, committed 69632K, used 66196K [0x0000000711600000, 0x0000000800000000)
  region size 2048K, 31 young (63488K), 7 survivors (14336K)
}
Event: 1.156 {heap After GC invocations=4 (full 0):
 garbage-first heap   total reserved 3909632K, committed 88064K, used 21612K [0x0000000711600000, 0x0000000800000000)
  region size 2048K, 6 young (12288K), 6 survivors (12288K)
}
Event: 1.420 {heap Before GC invocations=4 (full 0):
 garbage-first heap   total reserved 3909632K, committed 88064K, used 60524K [0x0000000711600000, 0x0000000800000000)
  region size 2048K, 25 young (51200K), 6 survivors (12288K)
}
Event: 1.425 {heap After GC invocations=5 (full 0):
 garbage-first heap   total reserved 3909632K, committed 88064K, used 24747K [0x0000000711600000, 0x0000000800000000)
  region size 2048K, 4 young (8192K), 4 survivors (8192K)
}
Event: 1.432 {heap Before GC invocations=5 (full 0):
 garbage-first heap   total reserved 3909632K, committed 88064K, used 26795K [0x0000000711600000, 0x0000000800000000)
  region size 2048K, 6 young (12288K), 4 survivors (8192K)
}
Event: 1.434 {heap After GC invocations=6 (full 0):
 garbage-first heap   total reserved 3909632K, committed 88064K, used 25191K [0x0000000711600000, 0x0000000800000000)
  region size 2048K, 2 young (4096K), 2 survivors (4096K)
}
Event: 1.731 {heap Before GC invocations=7 (full 0):
 garbage-first heap   total reserved 3909632K, committed 88064K, used 66151K [0x0000000711600000, 0x0000000800000000)
  region size 2048K, 22 young (45056K), 2 survivors (4096K)
}
Event: 1.733 {heap After GC invocations=8 (full 0):
 garbage-first heap   total reserved 3909632K, committed 88064K, used 27051K [0x0000000711600000, 0x0000000800000000)
  region size 2048K, 3 young (6144K), 3 survivors (6144K)
}
Event: 2.062 {heap Before GC invocations=8 (full 0):
 garbage-first heap   total reserved 3909632K, committed 88064K, used 65963K [0x0000000711600000, 0x0000000800000000)
  region size 2048K, 23 young (47104K), 3 survivors (6144K)
}
Event: 2.065 {heap After GC invocations=9 (full 0):
 garbage-first heap   total reserved 3909632K, committed 88064K, used 28896K [0x0000000711600000, 0x0000000800000000)
  region size 2048K, 3 young (6144K), 3 survivors (6144K)
}
Event: 2.088 {heap Before GC invocations=9 (full 0):
 garbage-first heap   total reserved 3909632K, committed 88064K, used 30944K [0x0000000711600000, 0x0000000800000000)
  region size 2048K, 5 young (10240K), 3 survivors (6144K)
}
Event: 2.089 {heap After GC invocations=10 (full 0):
 garbage-first heap   total reserved 3909632K, committed 88064K, used 29087K [0x0000000711600000, 0x0000000800000000)
  region size 2048K, 2 young (4096K), 2 survivors (4096K)
}
Event: 2.373 {heap Before GC invocations=11 (full 0):
 garbage-first heap   total reserved 3909632K, committed 88064K, used 72095K [0x0000000711600000, 0x0000000800000000)
  region size 2048K, 23 young (47104K), 2 survivors (4096K)
}
Event: 2.376 {heap After GC invocations=12 (full 0):
 garbage-first heap   total reserved 3909632K, committed 88064K, used 31602K [0x0000000711600000, 0x0000000800000000)
  region size 2048K, 3 young (6144K), 3 survivors (6144K)
}
Event: 2.616 {heap Before GC invocations=12 (full 0):
 garbage-first heap   total reserved 3909632K, committed 88064K, used 72562K [0x0000000711600000, 0x0000000800000000)
  region size 2048K, 23 young (47104K), 3 survivors (6144K)
}
Event: 2.618 {heap After GC invocations=13 (full 0):
 garbage-first heap   total reserved 3909632K, committed 88064K, used 32748K [0x0000000711600000, 0x0000000800000000)
  region size 2048K, 3 young (6144K), 3 survivors (6144K)
}

